Tue Mar 19 14:02:25 2013 dean.birkett@kb.nl
Tue Mar 19 15:17:20 2013 dan.entous@gmail.com
Tue Mar 19 17:59:57 2013 dan.entous@gmail.com
Tue Mar 19 20:43:59 2013 dan.entous@gmail.com
Tue Mar 19 21:03:02 2013 dan.entous@gmail.com
Tue Mar 19 22:28:04 2013 dan.entous@gmail.com
Tue Mar 19 22:45:35 2013 dan.entous@gmail.com
Tue Mar 19 23:28:55 2013 dan.entous@gmail.com
Wed Mar 20 00:01:40 2013 dan.entous@gmail.com
Wed Mar 20 07:33:19 2013 dan.entous@gmail.com
Wed Mar 20 09:52:47 2013 dan.entous@gmail.com
Wed Mar 20 09:56:36 2013 dan.entous@gmail.com
Wed Mar 20 10:13:39 2013 dan.entous@gmail.com
Wed Mar 20 10:32:46 2013 dean.birkett@kb.nl
Thu Mar 21 09:49:58 2013 dean.birkett@kb.nl
Thu Mar 21 10:59:33 2013 dean.birkett@kb.nl
Thu Mar 21 11:15:00 2013 dan.entous@gmail.com
Thu Mar 21 11:44:43 2013 dean.birkett@kb.nl
Thu Mar 21 12:31:26 2013 dean.birkett@kb.nl
Thu Mar 21 18:06:59 2013 pavel.kats@kb.nl
Thu Mar 28 13:17:27 2013 dean.birkett@kb.nl
Mon Apr  8 09:44:28 2013 dean.birkett@kb.nl
Mon Apr  8 10:05:53 2013 dean.birkett@kb.nl
Thu Apr 11 14:30:23 2013 dean.birkett@kb.nl
Tue Apr 16 09:23:11 2013 dean.birkett@kb.nl
Tue Apr 23 12:16:51 2013 pavel.kats@kb.nl
Mon Apr 29 14:00:42 2013 dean.birkett@kb.nl
Mon Apr 29 15:29:46 2013 dean.birkett@kb.nl
Mon Apr 29 16:38:54 2013 dean.birkett@kb.nl
Wed May  1 12:29:17 2013 dean.birkett@kb.nl
Wed May  1 13:44:18 2013 dean.birkett@kb.nl
Wed May  1 13:58:20 2013 dean.birkett@kb.nl
Wed May  1 14:33:28 2013 dean.birkett@kb.nl
Thu May  2 10:05:09 2013 dean.birkett@kb.nl
Tue May  7 13:57:21 2013 dean.birkett@kb.nl
Wed May  8 14:54:39 2013 jacob.lundqvist@gmail.com
Wed May  8 15:13:16 2013 jacob.lundqvist@gmail.com
Wed May  8 15:37:43 2013 jacob.lundqvist@gmail.com
Wed May  8 15:37:44 2013 jacob.lundqvist@gmail.com
Mon May 13 14:15:29 2013 dean.birkett@kb.nl
Mon May 13 14:28:18 2013 pavel.kats@kb.nl
Mon May 13 14:40:46 2013 pavel.kats@kb.nl
Mon May 13 14:52:16 2013 pavel.kats@kb.nl
Mon May 13 22:50:03 2013 pavel.kats@kb.nl
Tue May 14 10:04:25 2013 dean.birkett@kb.nl
Tue May 14 10:04:31 2013 dean.birkett@kb.nl
Tue May 14 14:32:03 2013 dean.birkett@kb.nl
Tue May 14 15:43:06 2013 dean.birkett@kb.nl
Thu May 16 10:40:51 2013 dean.birkett@kb.nl
Thu May 16 13:30:08 2013 dean.birkett@kb.nl
Thu May 23 09:19:35 2013 dean.birkett@kb.nl
Tue May 28 13:30:25 2013 pavel.kats@kb.nl
Tue May 28 14:06:44 2013 pavel.kats@kb.nl
Thu May 30 10:32:37 2013 dean.birkett@kb.nl
Mon Jun  3 09:58:03 2013 jacob.lundqvist@gmail.com
Mon Jun  3 10:06:57 2013 jacob.lundqvist@gmail.com
Mon Jun  3 15:29:29 2013 dean.birkett@kb.nl
Mon Jun  3 16:01:43 2013 dean.birkett@kb.nl
Tue Jun  4 10:09:16 2013 dean.birkett@kb.nl
Tue Jun  4 10:53:02 2013 dean.birkett@kb.nl
Wed Jun 12 11:09:07 2013 dean.birkett@kb.nl
Wed Jun 12 14:21:33 2013 pavel.kats@kb.nl
Wed Jun 12 14:58:19 2013 pavel.kats@kb.nl
Wed Jun 12 15:40:51 2013 pavel.kats@kb.nl
Thu Jun 13 09:10:36 2013 dean.birkett@kb.nl
Fri Jun 14 09:55:12 2013 dean.birkett@kb.nl
Thu Jun 20 09:10:48 2013 dean.birkett@kb.nl
Thu Jun 20 10:25:39 2013 dean.birkett@kb.nl
Fri Jun 21 11:18:16 2013 dean.birkett@kb.nl
Fri Jun 21 11:36:22 2013 dean.birkett@kb.nl
Mon Jun 24 12:46:09 2013 dean.birkett@kb.nl
Thu Jun 27 10:22:56 2013 dean.birkett@kb.nl
Mon Jul 15 10:39:28 2013 pavel.kats@kb.nl
Mon Jul 15 16:18:44 2013 dean.birkett@kb.nl
Mon Aug 12 14:21:02 2013 dean.birkett@kb.nl
Tue Aug 20 16:42:32 2013 jacob.lundqvist@gmail.com
Tue Aug 20 16:49:55 2013 jacob.lundqvist@gmail.com
Tue Aug 20 16:56:34 2013 jacob.lundqvist@gmail.com
Tue Aug 20 16:57:21 2013 jacob.lundqvist@gmail.com
Tue Aug 20 17:02:07 2013 jacob.lundqvist@gmail.com
Tue Aug 20 17:02:31 2013 jacob.lundqvist@gmail.com
Tue Aug 20 17:02:54 2013 jacob.lundqvist@gmail.com
Tue Aug 20 17:08:39 2013 jacob.lundqvist@gmail.com
Tue Aug 20 17:11:23 2013 jacob.lundqvist@gmail.com
Tue Aug 20 17:34:11 2013 jacob.lundqvist@gmail.com
Tue Aug 20 18:17:49 2013 jacob.lundqvist@gmail.com
Wed Aug 21 12:59:40 2013 dean.birkett@kb.nl
Fri Aug 23 13:49:59 2013 dean.birkett@kb.nl
Mon Aug 26 11:40:16 2013 dean.birkett@kb.nl
Wed Aug 28 10:41:29 2013 jacob.lundqvist@gmail.com
Wed Aug 28 11:56:35 2013 jacob.lundqvist@gmail.com
Wed Aug 28 11:57:35 2013 jacob.lundqvist@gmail.com
Wed Aug 28 11:58:38 2013 jacob.lundqvist@gmail.com
Wed Aug 28 12:51:04 2013 jacob.lundqvist@gmail.com
Wed Aug 28 13:00:21 2013 jacob.lundqvist@gmail.com
Wed Aug 28 14:14:28 2013 jacob.lundqvist@gmail.com
Mon Sep  2 15:07:46 2013 jacob@galdrion.se
Mon Sep  2 15:32:33 2013 andyjmaclean@gmail.com
Mon Sep  2 16:39:07 2013 andyjmaclean@gmail.com
Mon Sep  2 17:26:31 2013 andyjmaclean@gmail.com
Tue Sep  3 10:58:01 2013 andyjmaclean@gmail.com
Thu Sep  5 17:55:17 2013 andyjmaclean@gmail.com
Thu Sep  5 18:00:13 2013 andyjmaclean@gmail.com
Thu Sep 12 11:04:26 2013 dean.birkett@kb.nl
Thu Sep 12 11:56:18 2013 jacob.lundqvist@gmail.com
Thu Sep 12 13:17:22 2013 dean.birkett@kb.nl
Thu Sep 12 13:24:56 2013 dean.birkett@kb.nl
Thu Sep 12 13:31:26 2013 dean.birkett@kb.nl
Thu Sep 12 13:49:00 2013 dean.birkett@kb.nl
Tue Sep 17 11:34:17 2013 dean.birkett@kb.nl
Wed Sep 18 10:02:04 2013 jacob.lundqvist@gmail.com
Thu Sep 19 10:18:25 2013 dean.birkett@kb.nl
Fri Sep 27 15:15:57 2013 dean.birkett@kb.nl
Wed Oct  2 11:05:44 2013 dean.birkett@kb.nl
Fri Oct  4 11:41:40 2013 peter.kiraly@kb.nl
Tue Oct  8 09:10:10 2013 peter.kiraly@kb.nl
Tue Oct  8 13:47:30 2013 jacob.lundqvist@gmail.com
Wed Oct  9 17:11:47 2013 pavel.kats@kb.nl
Tue Oct 15 09:33:58 2013 dean.birkett@kb.nl
Tue Oct 15 10:24:21 2013 jacob.lundqvist@gmail.com
Tue Oct 15 10:24:23 2013 jacob.lundqvist@gmail.com
Tue Oct 15 11:21:25 2013 dean.birkett@kb.nl
Tue Oct 15 11:56:14 2013 dean.birkett@kb.nl
Thu Oct 17 09:18:31 2013 dean.birkett@kb.nl
Thu Oct 17 09:26:00 2013 dean.birkett@kb.nl
Mon Oct 21 14:14:13 2013 peter.kiraly@kb.nl
Mon Oct 21 16:48:43 2013 peter.kiraly@kb.nl
Mon Oct 28 10:00:31 2013 dean.birkett@kb.nl
Mon Oct 28 10:41:01 2013 dean.birkett@kb.nl
Mon Oct 28 13:20:29 2013 dean.birkett@kb.nl
Tue Oct 29 12:27:14 2013 dean.birkett@kb.nl
Mon Nov  4 15:42:14 2013 dean.birkett@kb.nl
Mon Nov 18 16:43:00 2013 dean.birkett@kb.nl
Thu Nov 21 10:18:30 2013 dean.birkett@kb.nl
Mon Nov 25 10:57:32 2013 jacob.lundqvist@gmail.com
Mon Nov 25 12:43:46 2013 dean.birkett@kb.nl
Mon Nov 25 13:00:19 2013 dean.birkett@kb.nl
Tue Dec  3 13:27:03 2013 dean.birkett@kb.nl
Mon Dec 16 14:52:15 2013 dean.birkett@kb.nl
Wed Dec 18 10:58:42 2013 dean.birkett@kb.nl
Tue Jan  7 11:53:15 2014 dean.birkett@kb.nl
Tue Jan  7 12:27:39 2014 dean.birkett@kb.nl
Wed Jan 15 11:25:49 2014 dean.birkett@kb.nl
Fri Jan 17 15:26:27 2014 dean.birkett@kb.nl
Fri Jan 17 15:32:23 2014 dean.birkett@kb.nl
Fri Jan 17 15:51:09 2014 dean.birkett@kb.nl
Tue Jan 21 13:23:13 2014 dean.birkett@kb.nl
Tue Jan 21 13:30:41 2014 dean.birkett@kb.nl
Tue Jan 21 13:39:38 2014 dean.birkett@kb.nl
Tue Jan 21 14:58:02 2014 dean.birkett@kb.nl
Tue Jan 21 15:12:22 2014 dean.birkett@kb.nl
Fri Jan 24 12:26:48 2014 dean.birkett@kb.nl
Sat Jan 25 13:26:37 2014 dean.birkett@kb.nl
Mon Jan 27 09:43:53 2014 dean.birkett@kb.nl
Mon Jan 27 09:59:23 2014 dean.birkett@kb.nl
Wed Jan 29 12:18:04 2014 dean.birkett@kb.nl
Wed Jan 29 15:37:01 2014 dean.birkett@kb.nl
Thu Jan 30 09:13:34 2014 dean.birkett@kb.nl
Tue Feb 11 15:53:05 2014 dean.birkett@kb.nl
Fri Feb 14 14:19:52 2014 dean.birkett@kb.nl
Fri Feb 14 14:21:09 2014 dean.birkett@kb.nl
Mon Feb 17 10:06:00 2014 dean.birkett@kb.nl
Tue Feb 25 11:09:09 2014 dean.birkett@kb.nl
Wed Feb 26 10:07:15 2014 dean.birkett@kb.nl
Wed Feb 26 14:56:19 2014 dean.birkett@kb.nl
Wed Feb 26 15:42:57 2014 dean.birkett@kb.nl
Wed Feb 26 16:43:00 2014 dean.birkett@kb.nl
Wed Feb 26 17:03:18 2014 dean.birkett@kb.nl
Mon Mar  3 15:39:10 2014 dean.birkett@kb.nl
Tue Mar 11 16:10:32 2014 dean.birkett@kb.nl
Wed Mar 12 12:03:19 2014 dean.birkett@kb.nl
Fri Mar 14 14:52:27 2014 dean.birkett@kb.nl
Thu Mar 27 11:01:58 2014 dean.birkett@kb.nl
Mon Mar 31 10:43:25 2014 dean.birkett@kb.nl
Tue Apr  1 19:19:22 2014 dean.birkett@kb.nl
Wed Apr  2 13:15:41 2014 jacob.lundqvist@gmail.com
Wed Apr  2 13:24:36 2014 jacob.lundqvist@gmail.com
Wed Apr  2 19:51:45 2014 dean.birkett@kb.nl
Fri Apr  4 15:23:32 2014 andyjmaclean@gmail.com
Tue Apr  8 11:49:54 2014 dean.birkett@kb.nl
Mon Apr 14 09:14:26 2014 dean.birkett@kb.nl
Wed Apr 16 11:52:20 2014 dean.birkett@kb.nl
Tue Jun 24 09:41:59 2014 dean.birkett@kb.nl
Tue Jun 24 09:54:25 2014 dean.birkett@kb.nl
Fri Jul 25 16:41:26 2014 jacob.lundqvist@gmail.com
Fri Jul 25 16:43:32 2014 jacob.lundqvist@gmail.com
Fri Jul 25 16:53:31 2014 andyjmaclean@gmail.com
Tue Aug  5 12:04:07 2014 jacob.lundqvist@gmail.com
Tue Aug  5 13:11:19 2014 jacob.lundqvist@gmail.com
Tue Aug  5 13:49:47 2014 jacob.lundqvist@gmail.com
Wed Aug  6 10:38:17 2014 jacob.lundqvist@gmail.com
Wed Aug  6 11:03:01 2014 jacob.lundqvist@gmail.com
Thu Aug  7 12:54:44 2014 anna.vandenbroek@europeana.eu
Tue Aug 12 15:40:09 2014 jacob.lundqvist@gmail.com
Thu Aug 14 16:30:12 2014 andyjmaclean@gmail.com
Thu Aug 14 17:07:15 2014 andyjmaclean@gmail.com
Mon Aug 18 14:24:14 2014 andyjmaclean@gmail.com
Mon Sep  1 19:18:39 2014 andyjmaclean@gmail.com
Wed Sep  3 14:07:17 2014 andyjmaclean@gmail.com
Thu Sep  4 14:13:28 2014 anna.vandenbroek@europeana.eu
Mon Sep  8 09:35:17 2014 jacob.lundqvist@gmail.com
Wed Sep 10 13:42:15 2014 anna.vandenbroek@europeana.eu
Wed Sep 17 11:45:55 2014 dean.birkett@kb.nl
Thu Oct  2 16:23:16 2014 anna.vandenbroek@europeana.eu
Thu Oct  2 16:36:14 2014 anna.vandenbroek@europeana.eu
Fri Oct  3 12:49:53 2014 andyjmaclean@gmail.com
Fri Oct 31 11:44:53 2014 andyjmaclean@gmail.com
Fri Oct 31 12:22:40 2014 andyjmaclean@gmail.com
Fri Oct 31 12:25:57 2014 andyjmaclean@gmail.com
Thu Dec 18 15:18:10 2014 anna.vandenbroek@europeana.eu
Thu Dec 18 15:23:31 2014 anna.vandenbroek@europeana.eu
Thu Dec 18 15:26:56 2014 anna.vandenbroek@europeana.eu
Fri Dec 19 10:29:26 2014 anna.vandenbroek@europeana.eu
Fri Dec 19 10:45:20 2014 anna.vandenbroek@europeana.eu
Fri Dec 19 11:18:20 2014 anna.vandenbroek@europeana.eu
Fri Dec 19 11:21:06 2014 anna.vandenbroek@europeana.eu
Fri Dec 19 13:48:24 2014 anna.vandenbroek@europeana.eu
Thu Jan 15 10:50:27 2015 anna.vandenbroek@europeana.eu
Wed Jan 21 12:59:20 2015 yorgos.mamakis@europeana.eu
Thu Jan 29 16:09:21 2015 dean.birkett@kb.nl
Thu Jan 29 16:23:30 2015 dean.birkett@kb.nl
Thu Jan 29 16:39:21 2015 dean.birkett@kb.nl
Fri Jan 30 09:54:13 2015 dean.birkett@kb.nl
Fri Jan 30 11:11:26 2015 dean.birkett@kb.nl
Mon Feb  9 13:58:47 2015 andyjmaclean@gmail.com
Mon Feb  9 16:29:21 2015 andyjmaclean@gmail.com
Mon Feb  9 17:19:51 2015 andyjmaclean@gmail.com
Tue Feb 10 10:46:07 2015 andyjmaclean@gmail.com
Tue Feb 24 11:44:50 2015 andyjmaclean@gmail.com
Tue Feb 24 13:14:31 2015 andyjmaclean@gmail.com
Fri Feb 27 14:10:41 2015 anna.vandenbroek@europeana.eu
Tue Mar 31 14:18:00 2015 anna.vandenbroek@europeana.eu
Wed Jun  3 11:30:38 2015 a@s.se
Wed Jun  3 11:33:48 2015 a@s.se
Wed Jun  3 11:36:04 2015 a@s.se
Wed Jun  3 12:17:40 2015 a@s.se
Wed Jun  3 12:58:31 2015 a@s.se
Wed Jun  3 13:02:09 2015 a@s.se
Wed Jun  3 13:02:43 2015 a@s.se
Wed Jun  3 13:11:09 2015 a@s.se
Wed Jun  3 13:12:13 2015 a@s.se
Wed Jun  3 13:21:29 2015 a@s.se
Wed Jun  3 13:25:12 2015 a@s.se
hepp
Wed Jun  3 13:33:54 2015 a@s.se
Wed Jun  3 13:39:19 2015 a@s.se
Wed Jun  3 13:39:51 2015 a@s.se
Wed Jun  3 13:42:14 2015 a@s.se
Wed Jun  3 13:42:30 2015 a@s.se
Wed Jun  3 13:43:10 2015 a@s.se
sie
sie
