Tue Aug 20 17:08:40 2013 jacob.lundqvist@gmail.com
Tue Aug 20 17:11:24 2013 jacob.lundqvist@gmail.com
Tue Aug 20 17:34:11 2013 jacob.lundqvist@gmail.com
Tue Aug 20 18:17:51 2013 jacob.lundqvist@gmail.com
Wed Aug 21 12:59:41 2013 dean.birkett@kb.nl
Fri Aug 23 13:50:00 2013 dean.birkett@kb.nl
Mon Aug 26 11:40:17 2013 dean.birkett@kb.nl
Wed Aug 28 10:42:09 2013 jacob.lundqvist@gmail.com
Wed Aug 28 12:55:39 2013 jacob.lundqvist@gmail.com
Wed Aug 28 13:00:35 2013 jacob.lundqvist@gmail.com
Wed Aug 28 14:14:41 2013 jacob.lundqvist@gmail.com
Mon Sep  2 15:08:50 2013 jacob@galdrion.se
Mon Sep  2 15:33:16 2013 andyjmaclean@gmail.com
Mon Sep  2 16:39:52 2013 andyjmaclean@gmail.com
Mon Sep  2 17:27:20 2013 andyjmaclean@gmail.com
Tue Sep  3 10:58:51 2013 andyjmaclean@gmail.com
Thu Sep  5 17:55:21 2013 andyjmaclean@gmail.com
Thu Sep  5 18:00:18 2013 andyjmaclean@gmail.com
Thu Sep 12 11:04:36 2013 dean.birkett@kb.nl
Thu Sep 12 11:56:33 2013 jacob.lundqvist@gmail.com
Thu Sep 12 13:17:35 2013 dean.birkett@kb.nl
Thu Sep 12 13:25:15 2013 dean.birkett@kb.nl
Thu Sep 12 13:31:46 2013 dean.birkett@kb.nl
Thu Sep 12 13:49:18 2013 dean.birkett@kb.nl
Tue Sep 17 11:34:27 2013 dean.birkett@kb.nl
Wed Sep 18 10:02:09 2013 jacob.lundqvist@gmail.com
Thu Sep 19 10:18:25 2013 dean.birkett@kb.nl
Fri Sep 27 15:15:59 2013 dean.birkett@kb.nl
Wed Oct  2 11:05:45 2013 dean.birkett@kb.nl
Fri Oct  4 11:41:46 2013 peter.kiraly@kb.nl
Tue Oct  8 09:10:12 2013 peter.kiraly@kb.nl
Tue Oct  8 13:47:31 2013 jacob.lundqvist@gmail.com
Wed Oct  9 17:11:52 2013 pavel.kats@kb.nl
Tue Oct 15 09:34:08 2013 dean.birkett@kb.nl
Tue Oct 15 10:24:34 2013 jacob.lundqvist@gmail.com
Tue Oct 15 10:24:35 2013 jacob.lundqvist@gmail.com
Tue Oct 15 11:21:35 2013 dean.birkett@kb.nl
Tue Oct 15 11:56:22 2013 dean.birkett@kb.nl
Thu Oct 17 09:18:36 2013 dean.birkett@kb.nl
Thu Oct 17 09:26:09 2013 dean.birkett@kb.nl
Mon Oct 21 14:14:21 2013 peter.kiraly@kb.nl
Mon Oct 21 16:48:53 2013 peter.kiraly@kb.nl
Mon Oct 28 10:01:09 2013 dean.birkett@kb.nl
Mon Oct 28 10:44:18 2013 dean.birkett@kb.nl
Mon Oct 28 13:20:31 2013 dean.birkett@kb.nl
Tue Oct 29 12:27:16 2013 dean.birkett@kb.nl
Mon Nov  4 15:42:16 2013 dean.birkett@kb.nl
Mon Nov 18 16:43:12 2013 dean.birkett@kb.nl
Thu Nov 21 10:18:43 2013 dean.birkett@kb.nl
Mon Nov 25 10:57:39 2013 jacob.lundqvist@gmail.com
Mon Nov 25 12:43:55 2013 dean.birkett@kb.nl
Mon Nov 25 13:00:34 2013 dean.birkett@kb.nl
Tue Dec  3 13:27:13 2013 dean.birkett@kb.nl
Mon Dec 16 14:52:16 2013 dean.birkett@kb.nl
Wed Dec 18 10:58:47 2013 dean.birkett@kb.nl
Tue Jan  7 11:53:23 2014 dean.birkett@kb.nl
Tue Jan  7 12:27:46 2014 dean.birkett@kb.nl
Wed Jan 15 11:26:14 2014 dean.birkett@kb.nl
Fri Jan 17 15:26:32 2014 dean.birkett@kb.nl
Fri Jan 17 15:32:28 2014 dean.birkett@kb.nl
Fri Jan 17 15:51:15 2014 dean.birkett@kb.nl
Tue Jan 21 13:23:21 2014 dean.birkett@kb.nl
Tue Jan 21 13:30:53 2014 dean.birkett@kb.nl
Tue Jan 21 13:39:43 2014 dean.birkett@kb.nl
Tue Jan 21 14:58:13 2014 dean.birkett@kb.nl
Tue Jan 21 15:12:35 2014 dean.birkett@kb.nl
Fri Jan 24 12:26:58 2014 dean.birkett@kb.nl
Sat Jan 25 13:26:41 2014 dean.birkett@kb.nl
Mon Jan 27 09:43:58 2014 dean.birkett@kb.nl
Mon Jan 27 09:59:31 2014 dean.birkett@kb.nl
Wed Jan 29 12:18:21 2014 dean.birkett@kb.nl
Wed Jan 29 15:37:04 2014 dean.birkett@kb.nl
Thu Jan 30 09:13:44 2014 dean.birkett@kb.nl
Tue Feb 11 15:53:18 2014 dean.birkett@kb.nl
Fri Feb 14 14:21:16 2014 dean.birkett@kb.nl
Mon Feb 17 10:06:05 2014 dean.birkett@kb.nl
Tue Feb 25 11:09:17 2014 dean.birkett@kb.nl
Wed Feb 26 10:07:29 2014 dean.birkett@kb.nl
Wed Feb 26 14:56:34 2014 dean.birkett@kb.nl
Wed Feb 26 15:43:00 2014 dean.birkett@kb.nl
Wed Feb 26 16:43:03 2014 dean.birkett@kb.nl
Wed Feb 26 17:03:20 2014 dean.birkett@kb.nl
Mon Mar  3 15:39:41 2014 dean.birkett@kb.nl
Tue Mar 11 16:10:40 2014 dean.birkett@kb.nl
Wed Mar 12 12:03:20 2014 dean.birkett@kb.nl
Fri Mar 14 14:52:56 2014 dean.birkett@kb.nl
Thu Mar 27 11:02:06 2014 dean.birkett@kb.nl
Mon Mar 31 10:43:39 2014 dean.birkett@kb.nl
Tue Apr  1 19:19:41 2014 dean.birkett@kb.nl
Wed Apr  2 13:16:00 2014 jacob.lundqvist@gmail.com
Wed Apr  2 13:24:53 2014 jacob.lundqvist@gmail.com
Wed Apr  2 19:51:59 2014 dean.birkett@kb.nl
Fri Apr  4 15:23:41 2014 andyjmaclean@gmail.com
Tue Apr  8 11:50:08 2014 dean.birkett@kb.nl
Mon Apr 14 09:14:36 2014 dean.birkett@kb.nl
Wed Apr 16 11:52:35 2014 dean.birkett@kb.nl
Tue Jun 24 09:42:13 2014 dean.birkett@kb.nl
Tue Jun 24 09:54:34 2014 dean.birkett@kb.nl
Fri Jul 25 16:41:35 2014 jacob.lundqvist@gmail.com
Fri Jul 25 16:43:38 2014 jacob.lundqvist@gmail.com
Fri Jul 25 16:53:36 2014 andyjmaclean@gmail.com
Tue Aug  5 12:04:15 2014 jacob.lundqvist@gmail.com
Tue Aug  5 13:11:25 2014 jacob.lundqvist@gmail.com
Tue Aug  5 13:49:54 2014 jacob.lundqvist@gmail.com
Wed Aug  6 10:38:25 2014 jacob.lundqvist@gmail.com
Wed Aug  6 11:03:14 2014 jacob.lundqvist@gmail.com
Thu Aug  7 12:54:53 2014 anna.vandenbroek@europeana.eu
Tue Aug 12 15:40:24 2014 jacob.lundqvist@gmail.com
Thu Aug 14 16:30:27 2014 andyjmaclean@gmail.com
Thu Aug 14 17:07:32 2014 andyjmaclean@gmail.com
Mon Aug 18 14:26:01 2014 andyjmaclean@gmail.com
Mon Sep  1 19:18:54 2014 andyjmaclean@gmail.com
Wed Sep  3 14:07:33 2014 andyjmaclean@gmail.com
Thu Sep  4 14:13:32 2014 anna.vandenbroek@europeana.eu
Mon Sep  8 09:35:28 2014 jacob.lundqvist@gmail.com
Wed Sep 10 13:42:24 2014 anna.vandenbroek@europeana.eu
Wed Sep 17 11:46:24 2014 dean.birkett@kb.nl
Thu Oct  2 16:23:35 2014 anna.vandenbroek@europeana.eu
Thu Oct  2 16:36:31 2014 anna.vandenbroek@europeana.eu
Fri Oct  3 12:50:01 2014 andyjmaclean@gmail.com
Fri Oct 31 11:45:04 2014 andyjmaclean@gmail.com
Fri Oct 31 12:22:47 2014 andyjmaclean@gmail.com
Fri Oct 31 12:26:05 2014 andyjmaclean@gmail.com
Thu Dec 18 15:18:25 2014 anna.vandenbroek@europeana.eu
Thu Dec 18 15:23:39 2014 anna.vandenbroek@europeana.eu
Thu Dec 18 15:27:11 2014 anna.vandenbroek@europeana.eu
Fri Dec 19 10:29:30 2014 anna.vandenbroek@europeana.eu
Fri Dec 19 10:45:28 2014 anna.vandenbroek@europeana.eu
Fri Dec 19 11:18:28 2014 anna.vandenbroek@europeana.eu
Fri Dec 19 11:21:15 2014 anna.vandenbroek@europeana.eu
Fri Dec 19 13:48:42 2014 anna.vandenbroek@europeana.eu
Thu Jan 15 10:50:34 2015 anna.vandenbroek@europeana.eu
Wed Jan 21 12:59:39 2015 yorgos.mamakis@europeana.eu
Thu Jan 29 16:09:42 2015 dean.birkett@kb.nl
Thu Jan 29 16:23:40 2015 dean.birkett@kb.nl
Thu Jan 29 16:39:30 2015 dean.birkett@kb.nl
Fri Jan 30 09:54:31 2015 dean.birkett@kb.nl
Fri Jan 30 11:11:44 2015 dean.birkett@kb.nl
Mon Feb  9 13:58:56 2015 andyjmaclean@gmail.com
Mon Feb  9 16:29:34 2015 andyjmaclean@gmail.com
Mon Feb  9 17:19:57 2015 andyjmaclean@gmail.com
Tue Feb 10 10:46:19 2015 andyjmaclean@gmail.com
Tue Feb 24 11:44:59 2015 andyjmaclean@gmail.com
Tue Feb 24 13:14:37 2015 andyjmaclean@gmail.com
Fri Feb 27 14:10:48 2015 anna.vandenbroek@europeana.eu
Tue Mar 31 14:18:06 2015 anna.vandenbroek@europeana.eu
